#
# There is insufficient memory for the Java Runtime Environment to continue.
# Native memory allocation (mmap) failed to map 65536 bytes for Failed to commit metaspace.
# Possible reasons:
#   The system is out of physical RAM or swap space
#   The process is running with CompressedOops enabled, and the Java Heap may be blocking the growth of the native heap
# Possible solutions:
#   Reduce memory load on the system
#   Increase physical memory or swap space
#   Check if swap backing store is full
#   Decrease Java heap size (-Xmx/-Xms)
#   Decrease number of Java threads
#   Decrease Java thread stack sizes (-Xss)
#   Set larger code cache with -XX:ReservedCodeCacheSize=
#   JVM is running with Zero Based Compressed Oops mode in which the Java heap is
#     placed in the first 32GB address space. The Java Heap base address is the
#     maximum limit for the native heap growth. Please use -XX:HeapBaseMinAddress
#     to set the Java Heap base and to place the Java Heap above 32GB virtual address.
# This output file may be truncated or incomplete.
#
#  Out of Memory Error (virtualSpaceNode.cpp:110), pid=16324, tid=15156
#
# JRE version: OpenJDK Runtime Environment Temurin-17.0.2+8 (17.0.2+8) (build 17.0.2+8)
# Java VM: OpenJDK 64-Bit Server VM Temurin-17.0.2+8 (17.0.2+8, mixed mode, tiered, compressed oops, compressed class ptrs, g1 gc, windows-amd64)
# No core dump will be written. Minidumps are not enabled by default on client versions of Windows
#

---------------  S U M M A R Y ------------

Command Line: -Dfile.encoding=Cp1252 --module-path=C:\Users\diosc\Documents\TP-DIED\DIED-bus-system-Gestores\DIED-bus-system\src\Librerias;C:\Users\diosc\Documents\TP-DIED\DIED-bus-system-Cambios-boletos\DIED-bus-system\src\Librerias\jcalendar-1.4.jar -XX:+ShowCodeDetailsInExceptionMessages system.start.App

Host: Intel(R) Pentium(R) CPU G4560 @ 3.50GHz, 4 cores, 11G,  Windows 10 , 64 bit Build 19041 (10.0.19041.1889)
Time: Fri Sep 16 20:08:04 2022 Hora estándar de Argentina elapsed time: 2.546480 seconds (0d 0h 0m 2s)

---------------  T H R E A D  ---------------

Current thread (0x0000022b263ac380):  JavaThread "AWT-EventQueue-0" [_thread_in_vm, id=15156, stack(0x000000c12dd00000,0x000000c12de00000)]

Stack: [0x000000c12dd00000,0x000000c12de00000]
Native frames: (J=compiled Java code, j=interpreted, Vv=VM code, C=native code)
V  [jvm.dll+0x67564a]
V  [jvm.dll+0x82fc04]
V  [jvm.dll+0x8313ae]
V  [jvm.dll+0x831a13]
V  [jvm.dll+0x245235]
V  [jvm.dll+0x82bbab]
V  [jvm.dll+0x61a336]
V  [jvm.dll+0x61a39a]
V  [jvm.dll+0x61cbba]
V  [jvm.dll+0x61acd6]
V  [jvm.dll+0x36b092]
V  [jvm.dll+0x1e1b4b]
V  [jvm.dll+0x53b709]
V  [jvm.dll+0x1f0ab7]
V  [jvm.dll+0x7aa1bb]
V  [jvm.dll+0x7ab562]
V  [jvm.dll+0x7ab898]
V  [jvm.dll+0x23d51e]
V  [jvm.dll+0x37e8ce]
C  0x0000022b0c83b48a

Java frames: (J=compiled Java code, j=interpreted, Vv=VM code)
j  javax.swing.plaf.basic.BasicComboBoxUI.<init>()V+15 java.desktop@17.0.2
j  javax.swing.plaf.metal.MetalComboBoxUI.<init>()V+1 java.desktop@17.0.2
j  javax.swing.plaf.metal.MetalComboBoxUI.createUI(Ljavax/swing/JComponent;)Ljavax/swing/plaf/ComponentUI;+4 java.desktop@17.0.2
v  ~StubRoutines::call_stub
j  jdk.internal.reflect.NativeMethodAccessorImpl.invoke0(Ljava/lang/reflect/Method;Ljava/lang/Object;[Ljava/lang/Object;)Ljava/lang/Object;+0 java.base@17.0.2
j  jdk.internal.reflect.NativeMethodAccessorImpl.invoke(Ljava/lang/Object;[Ljava/lang/Object;)Ljava/lang/Object;+133 java.base@17.0.2
j  jdk.internal.reflect.DelegatingMethodAccessorImpl.invoke(Ljava/lang/Object;[Ljava/lang/Object;)Ljava/lang/Object;+6 java.base@17.0.2
j  java.lang.reflect.Method.invoke(Ljava/lang/Object;[Ljava/lang/Object;)Ljava/lang/Object;+59 java.base@17.0.2
j  javax.swing.UIDefaults.getUI(Ljavax/swing/JComponent;)Ljavax/swing/plaf/ComponentUI;+125 java.desktop@17.0.2
j  javax.swing.UIManager.getUI(Ljavax/swing/JComponent;)Ljavax/swing/plaf/ComponentUI;+37 java.desktop@17.0.2
j  javax.swing.JComboBox.updateUI()V+14 java.desktop@17.0.2
j  javax.swing.JComboBox.init()V+15 java.desktop@17.0.2
j  javax.swing.JComboBox.<init>([Ljava/lang/Object;)V+61 java.desktop@17.0.2
j  GUI.JPanels.Trayecto.JPBoletoCiudad.<init>(Ljavax/swing/JPanel;Ljavax/swing/JPanel;Ljavax/swing/JLabel;LGUI/Componentes/BotonIcono;)V+150
j  GUI.GUIMenu$6.actionPerformed(Ljava/awt/event/ActionEvent;)V+23
j  javax.swing.AbstractButton.fireActionPerformed(Ljava/awt/event/ActionEvent;)V+84 java.desktop@17.0.2
j  javax.swing.AbstractButton$Handler.actionPerformed(Ljava/awt/event/ActionEvent;)V+5 java.desktop@17.0.2
j  javax.swing.DefaultButtonModel.fireActionPerformed(Ljava/awt/event/ActionEvent;)V+34 java.desktop@17.0.2
j  javax.swing.DefaultButtonModel.setPressed(Z)V+117 java.desktop@17.0.2
j  javax.swing.plaf.basic.BasicButtonListener.mouseReleased(Ljava/awt/event/MouseEvent;)V+35 java.desktop@17.0.2
j  java.awt.Component.processMouseEvent(Ljava/awt/event/MouseEvent;)V+64 java.desktop@17.0.2
j  javax.swing.JComponent.processMouseEvent(Ljava/awt/event/MouseEvent;)V+23 java.desktop@17.0.2
j  java.awt.Component.processEvent(Ljava/awt/AWTEvent;)V+81 java.desktop@17.0.2
j  java.awt.Container.processEvent(Ljava/awt/AWTEvent;)V+18 java.desktop@17.0.2
j  java.awt.Component.dispatchEventImpl(Ljava/awt/AWTEvent;)V+496 java.desktop@17.0.2
J 1624 c1 java.awt.Container.dispatchEventImpl(Ljava/awt/AWTEvent;)V java.desktop@17.0.2 (129 bytes) @ 0x0000022b0d056e7c [0x0000022b0d056d40+0x000000000000013c]
J 1623 c1 java.awt.Component.dispatchEvent(Ljava/awt/AWTEvent;)V java.desktop@17.0.2 (6 bytes) @ 0x0000022b0d0569bc [0x0000022b0d0568c0+0x00000000000000fc]
j  java.awt.LightweightDispatcher.retargetMouseEvent(Ljava/awt/Component;ILjava/awt/event/MouseEvent;)V+349 java.desktop@17.0.2
j  java.awt.LightweightDispatcher.processMouseEvent(Ljava/awt/event/MouseEvent;)Z+155 java.desktop@17.0.2
j  java.awt.LightweightDispatcher.dispatchEvent(Ljava/awt/AWTEvent;)Z+50 java.desktop@17.0.2
J 1624 c1 java.awt.Container.dispatchEventImpl(Ljava/awt/AWTEvent;)V java.desktop@17.0.2 (129 bytes) @ 0x0000022b0d056e1c [0x0000022b0d056d40+0x00000000000000dc]
J 1673 c1 java.awt.Window.dispatchEventImpl(Ljava/awt/AWTEvent;)V java.desktop@17.0.2 (23 bytes) @ 0x0000022b0d08b194 [0x0000022b0d08ab80+0x0000000000000614]
J 1636 c1 java.awt.EventQueue.dispatchEventImpl(Ljava/awt/AWTEvent;Ljava/lang/Object;)V java.desktop@17.0.2 (136 bytes) @ 0x0000022b0d05fb34 [0x0000022b0d05f660+0x00000000000004d4]
J 1635 c1 java.awt.EventQueue$4.run()Ljava/lang/Void; java.desktop@17.0.2 (60 bytes) @ 0x0000022b0d05ef24 [0x0000022b0d05ede0+0x0000000000000144]
j  java.awt.EventQueue$4.run()Ljava/lang/Object;+1 java.desktop@17.0.2
J 1350 c1 java.security.ProtectionDomain$JavaSecurityAccessImpl.doIntersectionPrivilege(Ljava/security/PrivilegedAction;Ljava/security/AccessControlContext;Ljava/security/AccessControlContext;)Ljava/lang/Object; java.base@17.0.2 (22 bytes) @ 0x0000022b0cfe4634 [0x0000022b0cfe43a0+0x0000000000000294]
J 1588 c1 java.awt.EventQueue.dispatchEvent(Ljava/awt/AWTEvent;)V java.desktop@17.0.2 (80 bytes) @ 0x0000022b0d040fec [0x0000022b0d0404e0+0x0000000000000b0c]
J 1639 c1 java.awt.EventDispatchThread.pumpOneEventForFilters(I)V java.desktop@17.0.2 (113 bytes) @ 0x0000022b0d0631b4 [0x0000022b0d062b20+0x0000000000000694]
j  java.awt.EventDispatchThread.pumpEventsForFilter(ILjava/awt/Conditional;Ljava/awt/EventFilter;)V+35 java.desktop@17.0.2
j  java.awt.EventDispatchThread.pumpEventsForHierarchy(ILjava/awt/Conditional;Ljava/awt/Component;)V+11 java.desktop@17.0.2
j  java.awt.EventDispatchThread.pumpEvents(ILjava/awt/Conditional;)V+4 java.desktop@17.0.2
j  java.awt.EventDispatchThread.pumpEvents(Ljava/awt/Conditional;)V+3 java.desktop@17.0.2
j  java.awt.EventDispatchThread.run()V+9 java.desktop@17.0.2
v  ~StubRoutines::call_stub

---------------  P R O C E S S  ---------------

Threads class SMR info:
_java_thread_list=0x0000022b283206b0, length=19, elements={
0x0000022b24eb01e0, 0x0000022b24eb1350, 0x0000022b24f0aa50, 0x0000022b24f0c320,
0x0000022b24f0cbe0, 0x0000022b24f0d4a0, 0x0000022b2594cb10, 0x0000022b2594ec00,
0x0000022b25965500, 0x0000022b25a93040, 0x0000022b25be83a0, 0x0000022b277a6540,
0x0000022b27be4e60, 0x0000022b27feaff0, 0x0000022b2808e040, 0x0000022b263ac380,
0x0000022b27c2d9e0, 0x0000022b0915d160, 0x0000022b25b06030
}

Java Threads: ( => current thread )
  0x0000022b24eb01e0 JavaThread "Reference Handler" daemon [_thread_blocked, id=15748, stack(0x000000c12c200000,0x000000c12c300000)]
  0x0000022b24eb1350 JavaThread "Finalizer" daemon [_thread_blocked, id=15752, stack(0x000000c12c300000,0x000000c12c400000)]
  0x0000022b24f0aa50 JavaThread "Signal Dispatcher" daemon [_thread_blocked, id=15964, stack(0x000000c12c400000,0x000000c12c500000)]
  0x0000022b24f0c320 JavaThread "Attach Listener" daemon [_thread_blocked, id=15924, stack(0x000000c12c500000,0x000000c12c600000)]
  0x0000022b24f0cbe0 JavaThread "Service Thread" daemon [_thread_blocked, id=15932, stack(0x000000c12c600000,0x000000c12c700000)]
  0x0000022b24f0d4a0 JavaThread "Monitor Deflation Thread" daemon [_thread_blocked, id=12776, stack(0x000000c12c700000,0x000000c12c800000)]
  0x0000022b2594cb10 JavaThread "C2 CompilerThread0" daemon [_thread_blocked, id=15860, stack(0x000000c12c800000,0x000000c12c900000)]
  0x0000022b2594ec00 JavaThread "C1 CompilerThread0" daemon [_thread_blocked, id=15140, stack(0x000000c12c900000,0x000000c12ca00000)]
  0x0000022b25965500 JavaThread "Sweeper thread" daemon [_thread_blocked, id=11316, stack(0x000000c12ca00000,0x000000c12cb00000)]
  0x0000022b25a93040 JavaThread "Common-Cleaner" daemon [_thread_blocked, id=15168, stack(0x000000c12cb00000,0x000000c12cc00000)]
  0x0000022b25be83a0 JavaThread "Notification Thread" daemon [_thread_blocked, id=15540, stack(0x000000c12cd00000,0x000000c12ce00000)]
  0x0000022b277a6540 JavaThread "Java2D Disposer" daemon [_thread_blocked, id=15288, stack(0x000000c12d300000,0x000000c12d400000)]
  0x0000022b27be4e60 JavaThread "AWT-Shutdown" [_thread_blocked, id=16040, stack(0x000000c12d400000,0x000000c12d500000)]
  0x0000022b27feaff0 JavaThread "AWT-Windows" daemon [_thread_in_native, id=15972, stack(0x000000c12d500000,0x000000c12d600000)]
  0x0000022b2808e040 JavaThread "Image Fetcher 0" daemon [_thread_blocked, id=14128, stack(0x000000c12d600000,0x000000c12d700000)]
=>0x0000022b263ac380 JavaThread "AWT-EventQueue-0" [_thread_in_vm, id=15156, stack(0x000000c12dd00000,0x000000c12de00000)]
  0x0000022b27c2d9e0 JavaThread "D3D Screen Updater" daemon [_thread_blocked, id=15256, stack(0x000000c12de00000,0x000000c12df00000)]
  0x0000022b0915d160 JavaThread "DestroyJavaVM" [_thread_blocked, id=14428, stack(0x000000c12bb00000,0x000000c12bc00000)]
  0x0000022b25b06030 JavaThread "Image Fetcher 1" daemon [_thread_blocked, id=11036, stack(0x000000c12cc00000,0x000000c12cd00000)]

Other Threads:
  0x0000022b24e703d0 VMThread "VM Thread" [stack: 0x000000c12c100000,0x000000c12c200000] [id=15784]
  0x0000022b091b9cf0 WatcherThread [stack: 0x000000c12ce00000,0x000000c12cf00000] [id=15708]
  0x0000022b091a08b0 GCTaskThread "GC Thread#0" [stack: 0x000000c12bc00000,0x000000c12bd00000] [id=10448]
  0x0000022b25ec60c0 GCTaskThread "GC Thread#1" [stack: 0x000000c12d000000,0x000000c12d100000] [id=16000]
  0x0000022b25ec6370 GCTaskThread "GC Thread#2" [stack: 0x000000c12d100000,0x000000c12d200000] [id=9040]
  0x0000022b264ea280 GCTaskThread "GC Thread#3" [stack: 0x000000c12d200000,0x000000c12d300000] [id=14776]
  0x0000022b091ade10 ConcurrentGCThread "G1 Main Marker" [stack: 0x000000c12bd00000,0x000000c12be00000] [id=15704]
  0x0000022b091ae720 ConcurrentGCThread "G1 Conc#0" [stack: 0x000000c12be00000,0x000000c12bf00000] [id=15684]
  0x0000022b09234c10 ConcurrentGCThread "G1 Refine#0" [stack: 0x000000c12bf00000,0x000000c12c000000] [id=16352]
  0x0000022b24d306d0 ConcurrentGCThread "G1 Service" [stack: 0x000000c12c000000,0x000000c12c100000] [id=11824]

Threads with active compile tasks:

VM state: not at safepoint (normal execution)

VM Mutex/Monitor currently owned by a thread:  ([mutex/lock_event])
[0x0000022b09155410] Metaspace_lock - owner thread: 0x0000022b263ac380

Heap address: 0x0000000740800000, size: 3064 MB, Compressed Oops mode: Zero based, Oop shift amount: 3

CDS archive(s) not mapped
Compressed class space mapped at: 0x0000000800000000-0x0000000840000000, reserved size: 1073741824
Narrow klass base: 0x0000000800000000, Narrow klass shift: 0, Narrow klass range: 0x40000000

GC Precious Log:
 CPUs: 4 total, 4 available
 Memory: 12252M
 Large Page Support: Disabled
 NUMA Support: Disabled
 Compressed Oops: Enabled (Zero based)
 Heap Region Size: 2M
 Heap Min Capacity: 8M
 Heap Initial Capacity: 192M
 Heap Max Capacity: 3064M
 Pre-touch: Disabled
 Parallel Workers: 4
 Concurrent Workers: 1
 Concurrent Refinement Workers: 4
 Periodic GC: Disabled

Heap:
 garbage-first heap   total 196608K, used 9013K [0x0000000740800000, 0x0000000800000000)
  region size 2048K, 5 young (10240K), 1 survivors (2048K)
 Metaspace       used 20299K, committed 20544K, reserved 1073152K
  class space    used 2131K, committed 2240K, reserved 1048576K

Heap Regions: E=young(eden), S=young(survivor), O=old, HS=humongous(starts), HC=humongous(continues), CS=collection set, F=free, OA=open archive, CA=closed archive, TAMS=top-at-mark-start (previous, next)
|   0|0x0000000740800000, 0x00000007408cd600, 0x0000000740a00000| 40%| O|  |TAMS 0x0000000740800000, 0x0000000740800000| Untracked 
|   1|0x0000000740a00000, 0x0000000740a00000, 0x0000000740c00000|  0%| F|  |TAMS 0x0000000740a00000, 0x0000000740a00000| Untracked 
|   2|0x0000000740c00000, 0x0000000740c00000, 0x0000000740e00000|  0%| F|  |TAMS 0x0000000740c00000, 0x0000000740c00000| Untracked 
|   3|0x0000000740e00000, 0x0000000740e00000, 0x0000000741000000|  0%| F|  |TAMS 0x0000000740e00000, 0x0000000740e00000| Untracked 
|   4|0x0000000741000000, 0x0000000741000000, 0x0000000741200000|  0%| F|  |TAMS 0x0000000741000000, 0x0000000741000000| Untracked 
|   5|0x0000000741200000, 0x0000000741200000, 0x0000000741400000|  0%| F|  |TAMS 0x0000000741200000, 0x0000000741200000| Untracked 
|   6|0x0000000741400000, 0x0000000741400000, 0x0000000741600000|  0%| F|  |TAMS 0x0000000741400000, 0x0000000741400000| Untracked 
|   7|0x0000000741600000, 0x0000000741600000, 0x0000000741800000|  0%| F|  |TAMS 0x0000000741600000, 0x0000000741600000| Untracked 
|   8|0x0000000741800000, 0x0000000741800000, 0x0000000741a00000|  0%| F|  |TAMS 0x0000000741800000, 0x0000000741800000| Untracked 
|   9|0x0000000741a00000, 0x0000000741a00000, 0x0000000741c00000|  0%| F|  |TAMS 0x0000000741a00000, 0x0000000741a00000| Untracked 
|  10|0x0000000741c00000, 0x0000000741c00000, 0x0000000741e00000|  0%| F|  |TAMS 0x0000000741c00000, 0x0000000741c00000| Untracked 
|  11|0x0000000741e00000, 0x0000000741e00000, 0x0000000742000000|  0%| F|  |TAMS 0x0000000741e00000, 0x0000000741e00000| Untracked 
|  12|0x0000000742000000, 0x0000000742000000, 0x0000000742200000|  0%| F|  |TAMS 0x0000000742000000, 0x0000000742000000| Untracked 
|  13|0x0000000742200000, 0x0000000742200000, 0x0000000742400000|  0%| F|  |TAMS 0x0000000742200000, 0x0000000742200000| Untracked 
|  14|0x0000000742400000, 0x0000000742400000, 0x0000000742600000|  0%| F|  |TAMS 0x0000000742400000, 0x0000000742400000| Untracked 
|  15|0x0000000742600000, 0x0000000742600000, 0x0000000742800000|  0%| F|  |TAMS 0x0000000742600000, 0x0000000742600000| Untracked 
|  16|0x0000000742800000, 0x0000000742800000, 0x0000000742a00000|  0%| F|  |TAMS 0x0000000742800000, 0x0000000742800000| Untracked 
|  17|0x0000000742a00000, 0x0000000742a00000, 0x0000000742c00000|  0%| F|  |TAMS 0x0000000742a00000, 0x0000000742a00000| Untracked 
|  18|0x0000000742c00000, 0x0000000742c00000, 0x0000000742e00000|  0%| F|  |TAMS 0x0000000742c00000, 0x0000000742c00000| Untracked 
|  19|0x0000000742e00000, 0x0000000742e00000, 0x0000000743000000|  0%| F|  |TAMS 0x0000000742e00000, 0x0000000742e00000| Untracked 
|  20|0x0000000743000000, 0x0000000743000000, 0x0000000743200000|  0%| F|  |TAMS 0x0000000743000000, 0x0000000743000000| Untracked 
|  21|0x0000000743200000, 0x0000000743200000, 0x0000000743400000|  0%| F|  |TAMS 0x0000000743200000, 0x0000000743200000| Untracked 
|  22|0x0000000743400000, 0x0000000743400000, 0x0000000743600000|  0%| F|  |TAMS 0x0000000743400000, 0x0000000743400000| Untracked 
|  23|0x0000000743600000, 0x0000000743600000, 0x0000000743800000|  0%| F|  |TAMS 0x0000000743600000, 0x0000000743600000| Untracked 
|  24|0x0000000743800000, 0x0000000743800000, 0x0000000743a00000|  0%| F|  |TAMS 0x0000000743800000, 0x0000000743800000| Untracked 
|  25|0x0000000743a00000, 0x0000000743a00000, 0x0000000743c00000|  0%| F|  |TAMS 0x0000000743a00000, 0x0000000743a00000| Untracked 
|  26|0x0000000743c00000, 0x0000000743c00000, 0x0000000743e00000|  0%| F|  |TAMS 0x0000000743c00000, 0x0000000743c00000| Untracked 
|  27|0x0000000743e00000, 0x0000000743e00000, 0x0000000744000000|  0%| F|  |TAMS 0x0000000743e00000, 0x0000000743e00000| Untracked 
|  28|0x0000000744000000, 0x0000000744000000, 0x0000000744200000|  0%| F|  |TAMS 0x0000000744000000, 0x0000000744000000| Untracked 
|  29|0x0000000744200000, 0x0000000744200000, 0x0000000744400000|  0%| F|  |TAMS 0x0000000744200000, 0x0000000744200000| Untracked 
|  30|0x0000000744400000, 0x0000000744400000, 0x0000000744600000|  0%| F|  |TAMS 0x0000000744400000, 0x0000000744400000| Untracked 
|  31|0x0000000744600000, 0x0000000744600000, 0x0000000744800000|  0%| F|  |TAMS 0x0000000744600000, 0x0000000744600000| Untracked 
|  32|0x0000000744800000, 0x0000000744800000, 0x0000000744a00000|  0%| F|  |TAMS 0x0000000744800000, 0x0000000744800000| Untracked 
|  33|0x0000000744a00000, 0x0000000744a00000, 0x0000000744c00000|  0%| F|  |TAMS 0x0000000744a00000, 0x0000000744a00000| Untracked 
|  34|0x0000000744c00000, 0x0000000744c00000, 0x0000000744e00000|  0%| F|  |TAMS 0x0000000744c00000, 0x0000000744c00000| Untracked 
|  35|0x0000000744e00000, 0x0000000744e00000, 0x0000000745000000|  0%| F|  |TAMS 0x0000000744e00000, 0x0000000744e00000| Untracked 
|  36|0x0000000745000000, 0x0000000745000000, 0x0000000745200000|  0%| F|  |TAMS 0x0000000745000000, 0x0000000745000000| Untracked 
|  37|0x0000000745200000, 0x0000000745200000, 0x0000000745400000|  0%| F|  |TAMS 0x0000000745200000, 0x0000000745200000| Untracked 
|  38|0x0000000745400000, 0x0000000745400000, 0x0000000745600000|  0%| F|  |TAMS 0x0000000745400000, 0x0000000745400000| Untracked 
|  39|0x0000000745600000, 0x0000000745600000, 0x0000000745800000|  0%| F|  |TAMS 0x0000000745600000, 0x0000000745600000| Untracked 
|  40|0x0000000745800000, 0x0000000745800000, 0x0000000745a00000|  0%| F|  |TAMS 0x0000000745800000, 0x0000000745800000| Untracked 
|  41|0x0000000745a00000, 0x0000000745a00000, 0x0000000745c00000|  0%| F|  |TAMS 0x0000000745a00000, 0x0000000745a00000| Untracked 
|  42|0x0000000745c00000, 0x0000000745c00000, 0x0000000745e00000|  0%| F|  |TAMS 0x0000000745c00000, 0x0000000745c00000| Untracked 
|  43|0x0000000745e00000, 0x0000000745e00000, 0x0000000746000000|  0%| F|  |TAMS 0x0000000745e00000, 0x0000000745e00000| Untracked 
|  44|0x0000000746000000, 0x0000000746000000, 0x0000000746200000|  0%| F|  |TAMS 0x0000000746000000, 0x0000000746000000| Untracked 
|  45|0x0000000746200000, 0x0000000746200000, 0x0000000746400000|  0%| F|  |TAMS 0x0000000746200000, 0x0000000746200000| Untracked 
|  46|0x0000000746400000, 0x0000000746400000, 0x0000000746600000|  0%| F|  |TAMS 0x0000000746400000, 0x0000000746400000| Untracked 
|  47|0x0000000746600000, 0x0000000746600000, 0x0000000746800000|  0%| F|  |TAMS 0x0000000746600000, 0x0000000746600000| Untracked 
|  48|0x0000000746800000, 0x0000000746800000, 0x0000000746a00000|  0%| F|  |TAMS 0x0000000746800000, 0x0000000746800000| Untracked 
|  49|0x0000000746a00000, 0x0000000746a00000, 0x0000000746c00000|  0%| F|  |TAMS 0x0000000746a00000, 0x0000000746a00000| Untracked 
|  50|0x0000000746c00000, 0x0000000746c00000, 0x0000000746e00000|  0%| F|  |TAMS 0x0000000746c00000, 0x0000000746c00000| Untracked 
|  51|0x0000000746e00000, 0x0000000746e00000, 0x0000000747000000|  0%| F|  |TAMS 0x0000000746e00000, 0x0000000746e00000| Untracked 
|  52|0x0000000747000000, 0x0000000747000000, 0x0000000747200000|  0%| F|  |TAMS 0x0000000747000000, 0x0000000747000000| Untracked 
|  53|0x0000000747200000, 0x0000000747200000, 0x0000000747400000|  0%| F|  |TAMS 0x0000000747200000, 0x0000000747200000| Untracked 
|  54|0x0000000747400000, 0x0000000747400000, 0x0000000747600000|  0%| F|  |TAMS 0x0000000747400000, 0x0000000747400000| Untracked 
|  55|0x0000000747600000, 0x0000000747600000, 0x0000000747800000|  0%| F|  |TAMS 0x0000000747600000, 0x0000000747600000| Untracked 
|  56|0x0000000747800000, 0x0000000747800000, 0x0000000747a00000|  0%| F|  |TAMS 0x0000000747800000, 0x0000000747800000| Untracked 
|  57|0x0000000747a00000, 0x0000000747a00000, 0x0000000747c00000|  0%| F|  |TAMS 0x0000000747a00000, 0x0000000747a00000| Untracked 
|  58|0x0000000747c00000, 0x0000000747c00000, 0x0000000747e00000|  0%| F|  |TAMS 0x0000000747c00000, 0x0000000747c00000| Untracked 
|  59|0x0000000747e00000, 0x0000000747e00000, 0x0000000748000000|  0%| F|  |TAMS 0x0000000747e00000, 0x0000000747e00000| Untracked 
|  60|0x0000000748000000, 0x0000000748000000, 0x0000000748200000|  0%| F|  |TAMS 0x0000000748000000, 0x0000000748000000| Untracked 
|  61|0x0000000748200000, 0x0000000748200000, 0x0000000748400000|  0%| F|  |TAMS 0x0000000748200000, 0x0000000748200000| Untracked 
|  62|0x0000000748400000, 0x0000000748400000, 0x0000000748600000|  0%| F|  |TAMS 0x0000000748400000, 0x0000000748400000| Untracked 
|  63|0x0000000748600000, 0x0000000748600000, 0x0000000748800000|  0%| F|  |TAMS 0x0000000748600000, 0x0000000748600000| Untracked 
|  64|0x0000000748800000, 0x0000000748800000, 0x0000000748a00000|  0%| F|  |TAMS 0x0000000748800000, 0x0000000748800000| Untracked 
|  65|0x0000000748a00000, 0x0000000748a00000, 0x0000000748c00000|  0%| F|  |TAMS 0x0000000748a00000, 0x0000000748a00000| Untracked 
|  66|0x0000000748c00000, 0x0000000748c00000, 0x0000000748e00000|  0%| F|  |TAMS 0x0000000748c00000, 0x0000000748c00000| Untracked 
|  67|0x0000000748e00000, 0x0000000748e00000, 0x0000000749000000|  0%| F|  |TAMS 0x0000000748e00000, 0x0000000748e00000| Untracked 
|  68|0x0000000749000000, 0x0000000749000000, 0x0000000749200000|  0%| F|  |TAMS 0x0000000749000000, 0x0000000749000000| Untracked 
|  69|0x0000000749200000, 0x0000000749200000, 0x0000000749400000|  0%| F|  |TAMS 0x0000000749200000, 0x0000000749200000| Untracked 
|  70|0x0000000749400000, 0x0000000749400000, 0x0000000749600000|  0%| F|  |TAMS 0x0000000749400000, 0x0000000749400000| Untracked 
|  71|0x0000000749600000, 0x0000000749600000, 0x0000000749800000|  0%| F|  |TAMS 0x0000000749600000, 0x0000000749600000| Untracked 
|  72|0x0000000749800000, 0x0000000749800000, 0x0000000749a00000|  0%| F|  |TAMS 0x0000000749800000, 0x0000000749800000| Untracked 
|  73|0x0000000749a00000, 0x0000000749a00000, 0x0000000749c00000|  0%| F|  |TAMS 0x0000000749a00000, 0x0000000749a00000| Untracked 
|  74|0x0000000749c00000, 0x0000000749c00000, 0x0000000749e00000|  0%| F|  |TAMS 0x0000000749c00000, 0x0000000749c00000| Untracked 
|  75|0x0000000749e00000, 0x0000000749e00000, 0x000000074a000000|  0%| F|  |TAMS 0x0000000749e00000, 0x0000000749e00000| Untracked 
|  76|0x000000074a000000, 0x000000074a000000, 0x000000074a200000|  0%| F|  |TAMS 0x000000074a000000, 0x000000074a000000| Untracked 
|  77|0x000000074a200000, 0x000000074a200000, 0x000000074a400000|  0%| F|  |TAMS 0x000000074a200000, 0x000000074a200000| Untracked 
|  78|0x000000074a400000, 0x000000074a400000, 0x000000074a600000|  0%| F|  |TAMS 0x000000074a400000, 0x000000074a400000| Untracked 
|  79|0x000000074a600000, 0x000000074a600000, 0x000000074a800000|  0%| F|  |TAMS 0x000000074a600000, 0x000000074a600000| Untracked 
|  80|0x000000074a800000, 0x000000074a800000, 0x000000074aa00000|  0%| F|  |TAMS 0x000000074a800000, 0x000000074a800000| Untracked 
|  81|0x000000074aa00000, 0x000000074aa00000, 0x000000074ac00000|  0%| F|  |TAMS 0x000000074aa00000, 0x000000074aa00000| Untracked 
|  82|0x000000074ac00000, 0x000000074ac00000, 0x000000074ae00000|  0%| F|  |TAMS 0x000000074ac00000, 0x000000074ac00000| Untracked 
|  83|0x000000074ae00000, 0x000000074ae00000, 0x000000074b000000|  0%| F|  |TAMS 0x000000074ae00000, 0x000000074ae00000| Untracked 
|  84|0x000000074b000000, 0x000000074b000000, 0x000000074b200000|  0%| F|  |TAMS 0x000000074b000000, 0x000000074b000000| Untracked 
|  85|0x000000074b200000, 0x000000074b200000, 0x000000074b400000|  0%| F|  |TAMS 0x000000074b200000, 0x000000074b200000| Untracked 
|  86|0x000000074b400000, 0x000000074b400000, 0x000000074b600000|  0%| F|  |TAMS 0x000000074b400000, 0x000000074b400000| Untracked 
|  87|0x000000074b600000, 0x000000074b600000, 0x000000074b800000|  0%| F|  |TAMS 0x000000074b600000, 0x000000074b600000| Untracked 
|  88|0x000000074b800000, 0x000000074b800000, 0x000000074ba00000|  0%| F|  |TAMS 0x000000074b800000, 0x000000074b800000| Untracked 
|  89|0x000000074ba00000, 0x000000074bc00000, 0x000000074bc00000|100%| S|CS|TAMS 0x000000074ba00000, 0x000000074ba00000| Complete 
|  90|0x000000074bc00000, 0x000000074bc00000, 0x000000074be00000|  0%| F|  |TAMS 0x000000074bc00000, 0x000000074bc00000| Untracked 
|  91|0x000000074be00000, 0x000000074be00000, 0x000000074c000000|  0%| F|  |TAMS 0x000000074be00000, 0x000000074be00000| Untracked 
|  92|0x000000074c000000, 0x000000074c0de628, 0x000000074c200000| 43%| E|  |TAMS 0x000000074c000000, 0x000000074c000000| Complete 
|  93|0x000000074c200000, 0x000000074c400000, 0x000000074c400000|100%| E|CS|TAMS 0x000000074c200000, 0x000000074c200000| Complete 
|  94|0x000000074c400000, 0x000000074c600000, 0x000000074c600000|100%| E|CS|TAMS 0x000000074c400000, 0x000000074c400000| Complete 
|  95|0x000000074c600000, 0x000000074c800000, 0x000000074c800000|100%| E|CS|TAMS 0x000000074c600000, 0x000000074c600000| Complete 

Card table byte_map: [0x0000022b1be20000,0x0000022b1c420000] _byte_map_base: 0x0000022b1841c000

Marking Bits (Prev, Next): (CMBitMap*) 0x0000022b091a0dc0, (CMBitMap*) 0x0000022b091a0e00
 Prev Bits: [0x0000022b1ca20000, 0x0000022b1fa00000)
 Next Bits: [0x0000022b1fa00000, 0x0000022b229e0000)

Polling page: 0x0000022b07020000

Metaspace:

Usage:
  Non-class:     17.74 MB used.
      Class:      2.08 MB used.
       Both:     19.82 MB used.

Virtual space:
  Non-class space:       24.00 MB reserved,      17.88 MB ( 74%) committed,  3 nodes.
      Class space:        1.00 GB reserved,       2.19 MB ( <1%) committed,  1 nodes.
             Both:        1.02 GB reserved,      20.06 MB (  2%) committed. 

Chunk freelists:
   Non-Class:  2.17 MB
       Class:  1.68 MB
        Both:  3.85 MB

MaxMetaspaceSize: unlimited
CompressedClassSpaceSize: 1.00 GB
Initial GC threshold: 21.00 MB
Current GC threshold: 21.00 MB
CDS: off
MetaspaceReclaimPolicy: balanced
 - commit_granule_bytes: 65536.
 - commit_granule_words: 8192.
 - virtual_space_node_default_size: 1048576.
 - enlarge_chunks_in_place: 1.
 - new_chunks_are_fully_committed: 0.
 - uncommit_free_chunks: 1.
 - use_allocation_guard: 0.
 - handle_deallocations: 1.


Internal statistics:

num_allocs_failed_limit: 0.
num_arena_births: 154.
num_arena_deaths: 0.
num_vsnodes_births: 4.
num_vsnodes_deaths: 0.
num_space_committed: 321.
num_space_uncommitted: 0.
num_chunks_returned_to_freelist: 0.
num_chunks_taken_from_freelist: 326.
num_chunk_merges: 0.
num_chunk_splits: 171.
num_chunks_enlarged: 81.
num_purges: 0.
num_inconsistent_stats: 0.

CodeHeap 'non-profiled nmethods': size=120000Kb used=575Kb max_used=575Kb free=119424Kb
 bounds [0x0000022b142f0000, 0x0000022b14560000, 0x0000022b1b820000]
CodeHeap 'profiled nmethods': size=120000Kb used=2982Kb max_used=2982Kb free=117017Kb
 bounds [0x0000022b0cdc0000, 0x0000022b0d0b0000, 0x0000022b142f0000]
CodeHeap 'non-nmethods': size=5760Kb used=1296Kb max_used=1320Kb free=4463Kb
 bounds [0x0000022b0c820000, 0x0000022b0ca90000, 0x0000022b0cdc0000]
 total_blobs=2349 nmethods=1718 adapters=545
 compilation: enabled
              stopped_count=0, restarted_count=0
 full_count=0

Compilation events (20 events):
Event: 2.450 Thread 0x0000022b2594ec00 nmethod 1710 0x0000022b0d0a0b10 code [0x0000022b0d0a0fc0, 0x0000022b0d0a3288]
Event: 2.450 Thread 0x0000022b2594ec00 1711       3       java.util.LinkedList$ListItr::next (56 bytes)
Event: 2.451 Thread 0x0000022b2594ec00 nmethod 1711 0x0000022b0d0a4790 code [0x0000022b0d0a4980, 0x0000022b0d0a4e78]
Event: 2.451 Thread 0x0000022b2594ec00 1712       3       java.util.LinkedList::node (65 bytes)
Event: 2.451 Thread 0x0000022b2594ec00 nmethod 1712 0x0000022b0d0a5010 code [0x0000022b0d0a51c0, 0x0000022b0d0a54b8]
Event: 2.540 Thread 0x0000022b2594ec00 1713   !   3       javax.swing.UIManager::maybeInitialize (36 bytes)
Event: 2.541 Thread 0x0000022b2594ec00 nmethod 1713 0x0000022b0d0a5610 code [0x0000022b0d0a57e0, 0x0000022b0d0a5aa8]
Event: 2.541 Thread 0x0000022b2594cb10 1714 %     4       sun.awt.image.PNGImageDecoder::filterRow @ 79 (460 bytes)
Event: 2.541 Thread 0x0000022b2594ec00 1715       3       java.lang.invoke.LambdaForm$MH/0x00000008001c1000::linkToTargetMethod (19 bytes)
Event: 2.542 Thread 0x0000022b2594ec00 nmethod 1715 0x0000022b0d0a5c90 code [0x0000022b0d0a5e40, 0x0000022b0d0a62b8]
Event: 2.542 Thread 0x0000022b2594ec00 1716       3       java.lang.invoke.LambdaForm$DMH/0x00000008001c0800::newInvokeSpecial (36 bytes)
Event: 2.542 Thread 0x0000022b2594ec00 nmethod 1716 0x0000022b0d0a6390 code [0x0000022b0d0a6580, 0x0000022b0d0a6d88]
Event: 2.542 Thread 0x0000022b2594ec00 1717       3       sun.awt.image.ImageWatched$WeakLink$$Lambda$197/0x0000000800196898::run (32 bytes)
Event: 2.542 Thread 0x0000022b2594ec00 nmethod 1717 0x0000022b0d0a6f90 code [0x0000022b0d0a7120, 0x0000022b0d0a7288]
Event: 2.542 Thread 0x0000022b2594ec00 1718       3       sun.awt.image.ImageWatched$WeakLink::lambda$update$0 (19 bytes)
Event: 2.542 Thread 0x0000022b2594ec00 nmethod 1718 0x0000022b0d0a7310 code [0x0000022b0d0a74c0, 0x0000022b0d0a7768]
Event: 2.542 Thread 0x0000022b2594ec00 1719       3       java.awt.ImageMediaEntry::imageUpdate (51 bytes)
Event: 2.543 Thread 0x0000022b2594ec00 nmethod 1719 0x0000022b0d0a7890 code [0x0000022b0d0a7a80, 0x0000022b0d0a8168]
Event: 2.543 Thread 0x0000022b2594ec00 1720       3       sun.awt.image.ImageWatched$WeakLink::update (39 bytes)
Event: 2.543 Thread 0x0000022b2594ec00 nmethod 1720 0x0000022b0d0a8390 code [0x0000022b0d0a8620, 0x0000022b0d0a94e8]

GC Heap History (2 events):
Event: 0.661 GC heap before
{Heap before GC invocations=0 (full 0):
 garbage-first heap   total 196608K, used 12288K [0x0000000740800000, 0x0000000800000000)
  region size 2048K, 6 young (12288K), 0 survivors (0K)
 Metaspace       used 12894K, committed 13056K, reserved 1064960K
  class space    used 1243K, committed 1280K, reserved 1048576K
}
Event: 0.668 GC heap after
{Heap after GC invocations=1 (full 0):
 garbage-first heap   total 196608K, used 2869K [0x0000000740800000, 0x0000000800000000)
  region size 2048K, 1 young (2048K), 1 survivors (2048K)
 Metaspace       used 12894K, committed 13056K, reserved 1064960K
  class space    used 1243K, committed 1280K, reserved 1048576K
}

Deoptimization events (20 events):
Event: 0.951 Thread 0x0000022b0915d160 Uncommon trap: trap_request=0xffffff45 fr.pc=0x0000022b14336618 relative=0x00000000000001f8
Event: 0.951 Thread 0x0000022b0915d160 Uncommon trap: reason=unstable_if action=reinterpret pc=0x0000022b14336618 method=java.util.StringTokenizer.scanToken(I)I @ 42 c2
Event: 0.951 Thread 0x0000022b0915d160 DEOPT PACKING pc=0x0000022b14336618 sp=0x000000c12bbfd7e0
Event: 0.951 Thread 0x0000022b0915d160 DEOPT UNPACKING pc=0x0000022b0c87239d sp=0x000000c12bbfd770 mode 2
Event: 1.024 Thread 0x0000022b0915d160 Uncommon trap: trap_request=0xffffff45 fr.pc=0x0000022b1432ca08 relative=0x00000000000002c8
Event: 1.024 Thread 0x0000022b0915d160 Uncommon trap: reason=unstable_if action=reinterpret pc=0x0000022b1432ca08 method=java.lang.invoke.VarHandle.checkExactAccessMode(Ljava/lang/invoke/VarHandle$AccessDescriptor;)V @ 4 c2
Event: 1.024 Thread 0x0000022b0915d160 DEOPT PACKING pc=0x0000022b1432ca08 sp=0x000000c12bbfe8e0
Event: 1.024 Thread 0x0000022b0915d160 DEOPT UNPACKING pc=0x0000022b0c87239d sp=0x000000c12bbfe850 mode 2
Event: 1.711 Thread 0x0000022b263ac380 Uncommon trap: trap_request=0xffffffde fr.pc=0x0000022b14307624 relative=0x00000000000001a4
Event: 1.711 Thread 0x0000022b263ac380 Uncommon trap: reason=class_check action=maybe_recompile pc=0x0000022b14307624 method=java.lang.String.equals(Ljava/lang/Object;)Z @ 8 c2
Event: 1.711 Thread 0x0000022b263ac380 DEOPT PACKING pc=0x0000022b14307624 sp=0x000000c12ddfda80
Event: 1.711 Thread 0x0000022b263ac380 DEOPT UNPACKING pc=0x0000022b0c87239d sp=0x000000c12ddfda28 mode 2
Event: 1.711 Thread 0x0000022b263ac380 Uncommon trap: trap_request=0xffffffde fr.pc=0x0000022b14307624 relative=0x00000000000001a4
Event: 1.711 Thread 0x0000022b263ac380 Uncommon trap: reason=class_check action=maybe_recompile pc=0x0000022b14307624 method=java.lang.String.equals(Ljava/lang/Object;)Z @ 8 c2
Event: 1.711 Thread 0x0000022b263ac380 DEOPT PACKING pc=0x0000022b14307624 sp=0x000000c12ddfda00
Event: 1.711 Thread 0x0000022b263ac380 DEOPT UNPACKING pc=0x0000022b0c87239d sp=0x000000c12ddfd9a8 mode 2
Event: 1.711 Thread 0x0000022b263ac380 Uncommon trap: trap_request=0xffffffde fr.pc=0x0000022b14307624 relative=0x00000000000001a4
Event: 1.711 Thread 0x0000022b263ac380 Uncommon trap: reason=class_check action=maybe_recompile pc=0x0000022b14307624 method=java.lang.String.equals(Ljava/lang/Object;)Z @ 8 c2
Event: 1.711 Thread 0x0000022b263ac380 DEOPT PACKING pc=0x0000022b14307624 sp=0x000000c12ddfd970
Event: 1.711 Thread 0x0000022b263ac380 DEOPT UNPACKING pc=0x0000022b0c87239d sp=0x000000c12ddfd918 mode 2

Classes unloaded (0 events):
No events

Classes redefined (0 events):
No events

Internal exceptions (20 events):
Event: 0.479 Thread 0x0000022b0915d160 Exception <a 'java/lang/NoSuchMethodError'{0x000000074c12a0b8}: 'java.lang.Object java.lang.invoke.DirectMethodHandle$Holder.invokeStaticInit(java.lang.Object, java.lang.Object, int, int, int, int)'> (0x000000074c12a0b8) 
thrown [e:\jenkins\tmp\workspace\build\src\src\hotspot\share\interpreter\linkResolver.cpp, line 766]
Event: 0.525 Thread 0x0000022b0915d160 Exception <a 'sun/nio/fs/WindowsException'{0x000000074bf02b70}> (0x000000074bf02b70) 
thrown [e:\jenkins\tmp\workspace\build\src\src\hotspot\share\prims\jni.cpp, line 516]
Event: 0.578 Thread 0x0000022b0915d160 Exception <a 'java/lang/NoSuchMethodError'{0x000000074bf4be38}: 'void java.lang.invoke.DirectMethodHandle$Holder.invokeStatic(java.lang.Object, java.lang.Object, java.lang.Object)'> (0x000000074bf4be38) 
thrown [e:\jenkins\tmp\workspace\build\src\src\hotspot\share\interpreter\linkResolver.cpp, line 766]
Event: 0.581 Thread 0x0000022b0915d160 Implicit null exception at 0x0000022b14330053 to 0x0000022b14330914
Event: 0.754 Thread 0x0000022b0915d160 Exception <a 'java/lang/ClassNotFoundException'{0x000000074c656278}: sun/awt/resources/spi/awtProvider> (0x000000074c656278) 
thrown [e:\jenkins\tmp\workspace\build\src\src\hotspot\share\classfile\systemDictionary.cpp, line 256]
Event: 0.770 Thread 0x0000022b0915d160 Exception <a 'java/io/FileNotFoundException'{0x000000074c680e90}> (0x000000074c680e90) 
thrown [e:\jenkins\tmp\workspace\build\src\src\hotspot\share\prims\jni.cpp, line 516]
Event: 0.777 Thread 0x0000022b0915d160 Exception <a 'java/io/FileNotFoundException'{0x000000074c6d1bd0}> (0x000000074c6d1bd0) 
thrown [e:\jenkins\tmp\workspace\build\src\src\hotspot\share\prims\jni.cpp, line 516]
Event: 0.856 Thread 0x0000022b0915d160 Exception <a 'java/lang/NoSuchMethodError'{0x000000074c78eda8}: 'java.lang.Object java.lang.invoke.DirectMethodHandle$Holder.newInvokeSpecial(java.lang.Object, java.lang.Object, java.lang.Object, java.lang.Object, java.lang.Object)'> (0x000000074c78eda8) 
thrown [e:\jenkins\tmp\workspace\build\src\src\hotspot\share\interpreter\linkResolver.cpp, line 766]
Event: 0.859 Thread 0x0000022b0915d160 Exception <a 'java/lang/NoSuchMethodError'{0x000000074c79a788}: 'java.lang.Object java.lang.invoke.DirectMethodHandle$Holder.invokeStatic(java.lang.Object, int, java.lang.Object, java.lang.Object, java.lang.Object, java.lang.Object)'> (0x000000074c79a788) 
thrown [e:\jenkins\tmp\workspace\build\src\src\hotspot\share\interpreter\linkResolver.cpp, line 766]
Event: 0.863 Thread 0x0000022b0915d160 Exception <a 'java/lang/NoSuchMethodError'{0x000000074c7c01b8}: 'java.lang.Object java.lang.invoke.DirectMethodHandle$Holder.invokeStatic(java.lang.Object, int, java.lang.Object)'> (0x000000074c7c01b8) 
thrown [e:\jenkins\tmp\workspace\build\src\src\hotspot\share\interpreter\linkResolver.cpp, line 766]
Event: 0.901 Thread 0x0000022b0915d160 Exception <a 'java/lang/ClassNotFoundException'{0x000000074c4822b0}: com/sun/swing/internal/plaf/metal/resources/spi/metalProvider> (0x000000074c4822b0) 
thrown [e:\jenkins\tmp\workspace\build\src\src\hotspot\share\classfile\systemDictionary.cpp, line 256]
Event: 0.902 Thread 0x0000022b0915d160 Exception <a 'java/lang/ClassNotFoundException'{0x000000074c486a10}: com/sun/swing/internal/plaf/basic/resources/spi/basicProvider> (0x000000074c486a10) 
thrown [e:\jenkins\tmp\workspace\build\src\src\hotspot\share\classfile\systemDictionary.cpp, line 256]
Event: 0.917 Thread 0x0000022b2808e040 Exception <a 'java/lang/NoSuchMethodError'{0x000000074c4df5c8}: 'java.lang.Object java.lang.invoke.DirectMethodHandle$Holder.newInvokeSpecial(java.lang.Object, java.lang.Object, java.lang.Object, int, int, int, int, int)'> (0x000000074c4df5c8) 
thrown [e:\jenkins\tmp\workspace\build\src\src\hotspot\share\interpreter\linkResolver.cpp, line 766]
Event: 0.927 Thread 0x0000022b0915d160 Implicit null exception at 0x0000022b14318ce0 to 0x0000022b14318d7a
Event: 0.928 Thread 0x0000022b0915d160 Implicit null exception at 0x0000022b1433bd2f to 0x0000022b1433c160
Event: 0.928 Thread 0x0000022b0915d160 Implicit null exception at 0x0000022b14346a2f to 0x0000022b14346e64
Event: 0.928 Thread 0x0000022b0915d160 Implicit null exception at 0x0000022b1430648f to 0x0000022b14306509
Event: 1.042 Thread 0x0000022b27feaff0 Exception <a 'java/lang/NoSuchMethodError'{0x000000074c74c088}: 'void java.lang.invoke.DirectMethodHandle$Holder.invokeVirtual(java.lang.Object, java.lang.Object)'> (0x000000074c74c088) 
thrown [e:\jenkins\tmp\workspace\build\src\src\hotspot\share\interpreter\linkResolver.cpp, line 766]
Event: 1.055 Thread 0x0000022b0915d160 Exception <a 'java/lang/NoSuchMethodError'{0x000000074c57b840}: 'void java.lang.invoke.DirectMethodHandle$Holder.invokeStaticInit(java.lang.Object)'> (0x000000074c57b840) 
thrown [e:\jenkins\tmp\workspace\build\src\src\hotspot\share\interpreter\linkResolver.cpp, line 766]
Event: 1.095 Thread 0x0000022b0915d160 Exception <a 'java/lang/NoSuchMethodError'{0x000000074c5bb690}: 'int java.lang.invoke.DirectMethodHandle$Holder.invokeStatic(java.lang.Object)'> (0x000000074c5bb690) 
thrown [e:\jenkins\tmp\workspace\build\src\src\hotspot\share\interpreter\linkResolver.cpp, line 766]

VM Operations (20 events):
Event: 0.310 Executing VM operation: HandshakeAllThreads
Event: 0.310 Executing VM operation: HandshakeAllThreads done
Event: 0.332 Executing VM operation: HandshakeAllThreads
Event: 0.332 Executing VM operation: HandshakeAllThreads done
Event: 0.408 Executing VM operation: HandshakeAllThreads
Event: 0.408 Executing VM operation: HandshakeAllThreads done
Event: 0.422 Executing VM operation: HandshakeAllThreads
Event: 0.422 Executing VM operation: HandshakeAllThreads done
Event: 0.509 Executing VM operation: HandshakeAllThreads
Event: 0.509 Executing VM operation: HandshakeAllThreads done
Event: 0.661 Executing VM operation: G1CollectForAllocation
Event: 0.668 Executing VM operation: G1CollectForAllocation done
Event: 0.958 Executing VM operation: HandshakeAllThreads
Event: 0.958 Executing VM operation: HandshakeAllThreads done
Event: 1.869 Executing VM operation: HandshakeAllThreads
Event: 1.869 Executing VM operation: HandshakeAllThreads done
Event: 1.869 Executing VM operation: Cleanup
Event: 1.869 Executing VM operation: Cleanup done
Event: 2.543 Executing VM operation: HandshakeAllThreads
Event: 2.543 Executing VM operation: HandshakeAllThreads done

Events (20 events):
Event: 2.544 loading class javax/swing/ComboBoxModel done
Event: 2.544 loading class javax/swing/MutableComboBoxModel done
Event: 2.544 loading class javax/swing/AbstractListModel
Event: 2.544 loading class javax/swing/AbstractListModel done
Event: 2.544 loading class javax/swing/DefaultComboBoxModel done
Event: 2.544 loading class javax/swing/JComboBox$1
Event: 2.544 loading class javax/swing/JComboBox$1 done
Event: 2.544 loading class javax/swing/AncestorNotifier
Event: 2.544 loading class javax/swing/AncestorNotifier done
Event: 2.544 loading class javax/swing/plaf/metal/MetalComboBoxUI
Event: 2.544 loading class javax/swing/plaf/basic/BasicComboBoxUI
Event: 2.545 loading class javax/swing/plaf/ComboBoxUI
Event: 2.545 loading class javax/swing/plaf/ComboBoxUI done
Event: 2.545 loading class javax/swing/plaf/basic/BasicComboBoxUI done
Event: 2.545 loading class javax/swing/plaf/metal/MetalComboBoxUI done
Event: 2.545 loading class javax/swing/plaf/metal/MetalComboBoxUI$MetalComboBoxLayoutManager
Event: 2.545 loading class javax/swing/plaf/basic/BasicComboBoxUI$ComboBoxLayoutManager
Event: 2.545 loading class javax/swing/plaf/basic/BasicComboBoxUI$ComboBoxLayoutManager done
Event: 2.545 loading class javax/swing/plaf/metal/MetalComboBoxUI$MetalComboBoxLayoutManager done
Event: 2.545 loading class javax/swing/CellRendererPane


Dynamic libraries:
0x00007ff615070000 - 0x00007ff61507e000 	F:\eclipse\plugins\org.eclipse.justj.openjdk.hotspot.jre.full.win32.x86_64_17.0.2.v20220201-1208\jre\bin\javaw.exe
0x00007fff025b0000 - 0x00007fff027a8000 	C:\WINDOWS\SYSTEM32\ntdll.dll
0x00007fff024b0000 - 0x00007fff0256d000 	C:\WINDOWS\System32\KERNEL32.DLL
0x00007fff00340000 - 0x00007fff0060e000 	C:\WINDOWS\System32\KERNELBASE.dll
0x00007fff00240000 - 0x00007fff00340000 	C:\WINDOWS\System32\ucrtbase.dll
0x00007ffefd460000 - 0x00007ffefd479000 	F:\eclipse\plugins\org.eclipse.justj.openjdk.hotspot.jre.full.win32.x86_64_17.0.2.v20220201-1208\jre\bin\VCRUNTIME140.dll
0x00007ffefd480000 - 0x00007ffefd498000 	F:\eclipse\plugins\org.eclipse.justj.openjdk.hotspot.jre.full.win32.x86_64_17.0.2.v20220201-1208\jre\bin\jli.dll
0x00007fff00ae0000 - 0x00007fff00c80000 	C:\WINDOWS\System32\USER32.dll
0x00007ffef13b0000 - 0x00007ffef164a000 	C:\WINDOWS\WinSxS\amd64_microsoft.windows.common-controls_6595b64144ccf1df_6.0.19041.1110_none_60b5254171f9507e\COMCTL32.dll
0x00007fff00210000 - 0x00007fff00232000 	C:\WINDOWS\System32\win32u.dll
0x00007fff02280000 - 0x00007fff0231e000 	C:\WINDOWS\System32\msvcrt.dll
0x00007fff010c0000 - 0x00007fff010ea000 	C:\WINDOWS\System32\GDI32.dll
0x00007fff00100000 - 0x00007fff0020b000 	C:\WINDOWS\System32\gdi32full.dll
0x00007ffeffcd0000 - 0x00007ffeffd6d000 	C:\WINDOWS\System32\msvcp_win.dll
0x00007fff00c80000 - 0x00007fff00cb0000 	C:\WINDOWS\System32\IMM32.DLL
0x00007ffefd450000 - 0x00007ffefd45c000 	F:\eclipse\plugins\org.eclipse.justj.openjdk.hotspot.jre.full.win32.x86_64_17.0.2.v20220201-1208\jre\bin\vcruntime140_1.dll
0x00007ffeec900000 - 0x00007ffeec991000 	F:\eclipse\plugins\org.eclipse.justj.openjdk.hotspot.jre.full.win32.x86_64_17.0.2.v20220201-1208\jre\bin\msvcp140.dll
0x00007ffea86e0000 - 0x00007ffea9327000 	F:\eclipse\plugins\org.eclipse.justj.openjdk.hotspot.jre.full.win32.x86_64_17.0.2.v20220201-1208\jre\bin\server\jvm.dll
0x00007fff01900000 - 0x00007fff019ae000 	C:\WINDOWS\System32\ADVAPI32.dll
0x00007fff01cf0000 - 0x00007fff01d8c000 	C:\WINDOWS\System32\sechost.dll
0x00007fff008d0000 - 0x00007fff009f5000 	C:\WINDOWS\System32\RPCRT4.dll
0x00007ffeecae0000 - 0x00007ffeecae9000 	C:\WINDOWS\SYSTEM32\WSOCK32.dll
0x00007fff007b0000 - 0x00007fff007b8000 	C:\WINDOWS\System32\PSAPI.DLL
0x00007ffef7680000 - 0x00007ffef76a7000 	C:\WINDOWS\SYSTEM32\WINMM.dll
0x00007fff019b0000 - 0x00007fff01a1b000 	C:\WINDOWS\System32\WS2_32.dll
0x00007ffef7a90000 - 0x00007ffef7a9a000 	C:\WINDOWS\SYSTEM32\VERSION.dll
0x00007ffefdbe0000 - 0x00007ffefdbf2000 	C:\WINDOWS\SYSTEM32\kernel.appcore.dll
0x00007ffefd3c0000 - 0x00007ffefd3ca000 	F:\eclipse\plugins\org.eclipse.justj.openjdk.hotspot.jre.full.win32.x86_64_17.0.2.v20220201-1208\jre\bin\jimage.dll
0x00007ffef8f10000 - 0x00007ffef90f4000 	C:\WINDOWS\SYSTEM32\DBGHELP.DLL
0x00007ffeec820000 - 0x00007ffeec84c000 	C:\WINDOWS\SYSTEM32\dbgcore.DLL
0x00007fff00070000 - 0x00007fff000f2000 	C:\WINDOWS\System32\bcryptPrimitives.dll
0x00007ffef4f30000 - 0x00007ffef4f55000 	F:\eclipse\plugins\org.eclipse.justj.openjdk.hotspot.jre.full.win32.x86_64_17.0.2.v20220201-1208\jre\bin\java.dll
0x00007ffef0960000 - 0x00007ffef0978000 	F:\eclipse\plugins\org.eclipse.justj.openjdk.hotspot.jre.full.win32.x86_64_17.0.2.v20220201-1208\jre\bin\zip.dll
0x00007fff010f0000 - 0x00007fff01833000 	C:\WINDOWS\System32\SHELL32.dll
0x00007ffefdde0000 - 0x00007ffefe575000 	C:\WINDOWS\SYSTEM32\windows.storage.dll
0x00007fff00cd0000 - 0x00007fff01024000 	C:\WINDOWS\System32\combase.dll
0x00007ffeff730000 - 0x00007ffeff760000 	C:\WINDOWS\SYSTEM32\Wldp.dll
0x00007fff00610000 - 0x00007fff006bd000 	C:\WINDOWS\System32\SHCORE.dll
0x00007fff018a0000 - 0x00007fff018f5000 	C:\WINDOWS\System32\shlwapi.dll
0x00007ffeffc10000 - 0x00007ffeffc2f000 	C:\WINDOWS\SYSTEM32\profapi.dll
0x00007ffeed770000 - 0x00007ffeed789000 	F:\eclipse\plugins\org.eclipse.justj.openjdk.hotspot.jre.full.win32.x86_64_17.0.2.v20220201-1208\jre\bin\net.dll
0x00007ffef8b80000 - 0x00007ffef8c8a000 	C:\WINDOWS\SYSTEM32\WINHTTP.dll
0x00007ffeff490000 - 0x00007ffeff4fa000 	C:\WINDOWS\system32\mswsock.dll
0x00007ffeed5a0000 - 0x00007ffeed5b5000 	F:\eclipse\plugins\org.eclipse.justj.openjdk.hotspot.jre.full.win32.x86_64_17.0.2.v20220201-1208\jre\bin\nio.dll
0x00007ffeff180000 - 0x00007ffeff24a000 	C:\WINDOWS\SYSTEM32\DNSAPI.dll
0x00007ffeff130000 - 0x00007ffeff16b000 	C:\WINDOWS\SYSTEM32\IPHLPAPI.DLL
0x00007fff00a00000 - 0x00007fff00a08000 	C:\WINDOWS\System32\NSI.dll
0x00007ffef7970000 - 0x00007ffef797a000 	C:\Windows\System32\rasadhlp.dll
0x00007ffef75b0000 - 0x00007ffef7630000 	C:\WINDOWS\System32\fwpuclnt.dll
0x00007ffefff20000 - 0x00007ffefff47000 	C:\WINDOWS\System32\bcrypt.dll
0x00007ffefd4b0000 - 0x00007ffefd4b9000 	F:\eclipse\plugins\org.eclipse.justj.openjdk.hotspot.jre.full.win32.x86_64_17.0.2.v20220201-1208\jre\bin\management.dll
0x00007ffefd4a0000 - 0x00007ffefd4ab000 	F:\eclipse\plugins\org.eclipse.justj.openjdk.hotspot.jre.full.win32.x86_64_17.0.2.v20220201-1208\jre\bin\management_ext.dll
0x00007ffeff690000 - 0x00007ffeff6a8000 	C:\WINDOWS\SYSTEM32\CRYPTSP.dll
0x00007ffefeda0000 - 0x00007ffefedd4000 	C:\WINDOWS\system32\rsaenh.dll
0x00007ffeffb90000 - 0x00007ffeffbbe000 	C:\WINDOWS\SYSTEM32\USERENV.dll
0x00007ffeff680000 - 0x00007ffeff68c000 	C:\WINDOWS\SYSTEM32\CRYPTBASE.dll
0x00007ffefa720000 - 0x00007ffefa737000 	C:\WINDOWS\SYSTEM32\dhcpcsvc6.DLL
0x00007ffefa700000 - 0x00007ffefa71d000 	C:\WINDOWS\SYSTEM32\dhcpcsvc.DLL
0x00007ffedc5e0000 - 0x00007ffedc76e000 	F:\eclipse\plugins\org.eclipse.justj.openjdk.hotspot.jre.full.win32.x86_64_17.0.2.v20220201-1208\jre\bin\awt.dll
0x00007fff00a10000 - 0x00007fff00add000 	C:\WINDOWS\System32\OLEAUT32.dll
0x00007ffefd520000 - 0x00007ffefd5b0000 	C:\WINDOWS\SYSTEM32\apphelp.dll
0x00007ffefd660000 - 0x00007ffefd6fe000 	C:\WINDOWS\system32\uxtheme.dll
0x00007fff01a20000 - 0x00007fff01b35000 	C:\WINDOWS\System32\MSCTF.dll
0x00007fff02380000 - 0x00007fff024aa000 	C:\WINDOWS\System32\ole32.dll
0x00007ffefd8f0000 - 0x00007ffefd91f000 	C:\WINDOWS\system32\DWMAPI.DLL
0x00007ffeeca50000 - 0x00007ffeecad9000 	F:\eclipse\plugins\org.eclipse.justj.openjdk.hotspot.jre.full.win32.x86_64_17.0.2.v20220201-1208\jre\bin\freetype.dll
0x00007ffee4780000 - 0x00007ffee4828000 	F:\eclipse\plugins\org.eclipse.justj.openjdk.hotspot.jre.full.win32.x86_64_17.0.2.v20220201-1208\jre\bin\fontmanager.dll
0x00007ffeca8b0000 - 0x00007ffeca9d7000 	C:\WINDOWS\system32\opengl32.dll
0x00007ffec9c20000 - 0x00007ffec9c4c000 	C:\WINDOWS\SYSTEM32\GLU32.dll
0x00007ffed1d90000 - 0x00007ffed1f5f000 	C:\WINDOWS\system32\d3d9.dll
0x00007ffef7710000 - 0x00007ffef78c9000 	C:\WINDOWS\System32\DriverStore\FileRepository\u0379219.inf_amd64_3649648678001de4\B378972\aticfx64.dll
0x00007ffec9840000 - 0x00007ffec9874000 	C:\WINDOWS\System32\DriverStore\FileRepository\u0379219.inf_amd64_3649648678001de4\B378972\atiu9p64.dll
0x00007ffec49d0000 - 0x00007ffec5726000 	C:\WINDOWS\System32\DriverStore\FileRepository\u0379219.inf_amd64_3649648678001de4\B378972\atiumd64.dll
0x0000000076030000 - 0x0000000076efb000 	C:\WINDOWS\System32\DriverStore\FileRepository\u0379219.inf_amd64_3649648678001de4\B378972\atiumd6a.dll
0x00007fff01e10000 - 0x00007fff0227f000 	C:\WINDOWS\System32\SETUPAPI.dll
0x00007ffeff250000 - 0x00007ffeff29b000 	C:\WINDOWS\SYSTEM32\POWRPROF.dll
0x00007ffeffed0000 - 0x00007ffefff1e000 	C:\WINDOWS\System32\cfgmgr32.dll
0x00007ffeff110000 - 0x00007ffeff122000 	C:\WINDOWS\SYSTEM32\UMPDC.dll
0x00007ffef38f0000 - 0x00007ffef3920000 	C:\WINDOWS\SYSTEM32\amdihk64.dll
0x00007ffef7aa0000 - 0x00007ffef7adb000 	C:\WINDOWS\SYSTEM32\dxcore.dll
0x00007ffef4ba0000 - 0x00007ffef4c99000 	C:\WINDOWS\SYSTEM32\textinputframework.dll
0x00007ffefcd30000 - 0x00007ffefd08e000 	C:\WINDOWS\System32\CoreUIComponents.dll
0x00007ffefd170000 - 0x00007ffefd262000 	C:\WINDOWS\System32\CoreMessaging.dll
0x00007ffefe9d0000 - 0x00007ffefea03000 	C:\WINDOWS\SYSTEM32\ntmarta.dll
0x00007ffefb9c0000 - 0x00007ffefbb14000 	C:\WINDOWS\SYSTEM32\wintypes.dll

dbghelp: loaded successfully - version: 4.0.5 - missing functions: none
symbol engine: initialized successfully - sym options: 0x614 - pdb path: .;F:\eclipse\plugins\org.eclipse.justj.openjdk.hotspot.jre.full.win32.x86_64_17.0.2.v20220201-1208\jre\bin;C:\WINDOWS\SYSTEM32;C:\WINDOWS\WinSxS\amd64_microsoft.windows.common-controls_6595b64144ccf1df_6.0.19041.1110_none_60b5254171f9507e;F:\eclipse\plugins\org.eclipse.justj.openjdk.hotspot.jre.full.win32.x86_64_17.0.2.v20220201-1208\jre\bin\server;C:\WINDOWS\System32\DriverStore\FileRepository\u0379219.inf_amd64_3649648678001de4\B378972

VM Arguments:
jvm_args: -Dfile.encoding=Cp1252 --module-path=C:\Users\diosc\Documents\TP-DIED\DIED-bus-system-Gestores\DIED-bus-system\src\Librerias;C:\Users\diosc\Documents\TP-DIED\DIED-bus-system-Cambios-boletos\DIED-bus-system\src\Librerias\jcalendar-1.4.jar -XX:+ShowCodeDetailsInExceptionMessages 
java_command: system.start.App
java_class_path (initial): C:\Users\diosc\Documents\TP-DIED\DIED-bus-system-Gestores\DIED-bus-system\bin;C:\Users\diosc\Documents\TP-DIED\DIED-bus-system-Gestores\DIED-bus-system\miglayout15-swing.jar
Launcher Type: SUN_STANDARD

[Global flags]
     intx CICompilerCount                          = 3                                         {product} {ergonomic}
     uint ConcGCThreads                            = 1                                         {product} {ergonomic}
     uint G1ConcRefinementThreads                  = 4                                         {product} {ergonomic}
   size_t G1HeapRegionSize                         = 2097152                                   {product} {ergonomic}
    uintx GCDrainStackTargetSize                   = 64                                        {product} {ergonomic}
   size_t InitialHeapSize                          = 201326592                                 {product} {ergonomic}
   size_t MarkStackSize                            = 4194304                                   {product} {ergonomic}
   size_t MaxHeapSize                              = 3212836864                                {product} {ergonomic}
   size_t MaxNewSize                               = 1927282688                                {product} {ergonomic}
   size_t MinHeapDeltaBytes                        = 2097152                                   {product} {ergonomic}
   size_t MinHeapSize                              = 8388608                                   {product} {ergonomic}
    uintx NonNMethodCodeHeapSize                   = 5832780                                {pd product} {ergonomic}
    uintx NonProfiledCodeHeapSize                  = 122912730                              {pd product} {ergonomic}
    uintx ProfiledCodeHeapSize                     = 122912730                              {pd product} {ergonomic}
    uintx ReservedCodeCacheSize                    = 251658240                              {pd product} {ergonomic}
     bool SegmentedCodeCache                       = true                                      {product} {ergonomic}
     bool ShowCodeDetailsInExceptionMessages       = true                                   {manageable} {command line}
   size_t SoftMaxHeapSize                          = 3212836864                             {manageable} {ergonomic}
     bool UseCompressedClassPointers               = true                           {product lp64_product} {ergonomic}
     bool UseCompressedOops                        = true                           {product lp64_product} {ergonomic}
     bool UseG1GC                                  = true                                      {product} {ergonomic}
     bool UseLargePagesIndividualAllocation        = false                                  {pd product} {ergonomic}

Logging:
Log output configuration:
 #0: stdout all=warning uptime,level,tags
 #1: stderr all=off uptime,level,tags

Environment Variables:
PATH=F:/eclipse//plugins/org.eclipse.justj.openjdk.hotspot.jre.full.win32.x86_64_17.0.2.v20220201-1208/jre/bin/server;F:/eclipse//plugins/org.eclipse.justj.openjdk.hotspot.jre.full.win32.x86_64_17.0.2.v20220201-1208/jre/bin;C:\Program Files (x86)\NVIDIA Corporation\PhysX\Common;C:\Program Files\Common Files\Oracle\Java\javapath;C:\Program Files (x86)\Common Files\Oracle\Java\javapath;C:\WINDOWS\system32;C:\WINDOWS;C:\WINDOWS\System32\Wbem;C:\WINDOWS\System32\WindowsPowerShell\v1.0\;C:\WINDOWS\System32\OpenSSH\;C:\Program Files\nodejs\;C:\Program Files\Git\cmd;C:\Users\diosc\AppData\Local\Microsoft\WindowsApps;C:\Users\diosc\AppData\Roaming\npm;C:\Users\diosc\AppData\Local\Programs\Microsoft VS Code\bin;F:\eclipse;
USERNAME=diosc
OS=Windows_NT
PROCESSOR_IDENTIFIER=Intel64 Family 6 Model 158 Stepping 9, GenuineIntel



---------------  S Y S T E M  ---------------

OS:
 Windows 10 , 64 bit Build 19041 (10.0.19041.1889)
OS uptime: 0 days 6:06 hours

CPU: total 4 (initial active 4) (2 cores per cpu, 2 threads per core) family 6 model 158 stepping 9 microcode 0xb4, cx8, cmov, fxsr, ht, mmx, 3dnowpref, sse, sse2, sse3, ssse3, sse4.1, sse4.2, popcnt, lzcnt, tsc, tscinvbit, aes, erms, clmul, clflush, clflushopt

Memory: 4k page, system-wide physical 12252M (2230M free)
TotalPageFile size 25772M (AvailPageFile size 5M)
current process WorkingSet (physical memory assigned to process): 115M, peak: 115M
current process commit charge ("private bytes"): 329M, peak: 329M

vm_info: OpenJDK 64-Bit Server VM (17.0.2+8) for windows-amd64 JRE (17.0.2+8), built on Jan 20 2022 04:52:34 by "" with MS VC++ 16.7 (VS2019)

END.
